{"C:\\Users\\User\\Desktop\\Andrey\\Dev\\Practicum\\stellar-burgers\\src\\slices\\auth\\authSlice.ts": {"path":"C:\\Users\\User\\Desktop\\Andrey\\Dev\\Practicum\\stellar-burgers\\src\\slices\\auth\\authSlice.ts","all":false,"statementMap":{"0":{"start":{"line":1,"column":0},"end":{"line":1,"column":80}},"1":{"start":{"line":2,"column":0},"end":{"line":2,"column":42}},"2":{"start":{"line":3,"column":0},"end":{"line":3,"column":8}},"3":{"start":{"line":4,"column":0},"end":{"line":4,"column":16}},"4":{"start":{"line":5,"column":0},"end":{"line":5,"column":15}},"5":{"start":{"line":6,"column":0},"end":{"line":6,"column":12}},"6":{"start":{"line":7,"column":0},"end":{"line":7,"column":32}},"7":{"start":{"line":8,"column":0},"end":{"line":8,"column":0}},"8":{"start":{"line":9,"column":0},"end":{"line":9,"column":22}},"9":{"start":{"line":10,"column":0},"end":{"line":10,"column":21}},"10":{"start":{"line":11,"column":0},"end":{"line":11,"column":29}},"11":{"start":{"line":12,"column":0},"end":{"line":12,"column":30}},"12":{"start":{"line":13,"column":0},"end":{"line":13,"column":27}},"13":{"start":{"line":14,"column":0},"end":{"line":14,"column":23}},"14":{"start":{"line":15,"column":0},"end":{"line":15,"column":21}},"15":{"start":{"line":16,"column":0},"end":{"line":16,"column":1}},"16":{"start":{"line":17,"column":0},"end":{"line":17,"column":0}},"17":{"start":{"line":18,"column":0},"end":{"line":18,"column":34}},"18":{"start":{"line":19,"column":0},"end":{"line":19,"column":13}},"19":{"start":{"line":20,"column":0},"end":{"line":20,"column":20}},"20":{"start":{"line":21,"column":0},"end":{"line":21,"column":21}},"21":{"start":{"line":22,"column":0},"end":{"line":22,"column":25}},"22":{"start":{"line":23,"column":0},"end":{"line":23,"column":14}},"23":{"start":{"line":24,"column":0},"end":{"line":24,"column":18}},"24":{"start":{"line":25,"column":0},"end":{"line":25,"column":2}},"25":{"start":{"line":26,"column":0},"end":{"line":26,"column":0}},"26":{"start":{"line":27,"column":0},"end":{"line":27,"column":43}},"27":{"start":{"line":28,"column":0},"end":{"line":28,"column":43}},"28":{"start":{"line":29,"column":0},"end":{"line":29,"column":20}},"29":{"start":{"line":30,"column":0},"end":{"line":30,"column":74}},"30":{"start":{"line":31,"column":0},"end":{"line":31,"column":47}},"31":{"start":{"line":32,"column":0},"end":{"line":32,"column":16}},"32":{"start":{"line":33,"column":0},"end":{"line":33,"column":3}},"33":{"start":{"line":34,"column":0},"end":{"line":34,"column":2}},"34":{"start":{"line":35,"column":0},"end":{"line":35,"column":0}},"35":{"start":{"line":36,"column":0},"end":{"line":36,"column":31}},"36":{"start":{"line":37,"column":0},"end":{"line":37,"column":79}},"37":{"start":{"line":38,"column":0},"end":{"line":38,"column":71}},"38":{"start":{"line":39,"column":0},"end":{"line":39,"column":18}},"39":{"start":{"line":40,"column":0},"end":{"line":40,"column":3}},"40":{"start":{"line":41,"column":0},"end":{"line":41,"column":0}},"41":{"start":{"line":42,"column":0},"end":{"line":42,"column":69}},"42":{"start":{"line":43,"column":0},"end":{"line":43,"column":38}},"43":{"start":{"line":44,"column":0},"end":{"line":44,"column":18}},"44":{"start":{"line":45,"column":0},"end":{"line":45,"column":3}},"45":{"start":{"line":46,"column":0},"end":{"line":46,"column":0}},"46":{"start":{"line":47,"column":0},"end":{"line":47,"column":31}},"47":{"start":{"line":48,"column":0},"end":{"line":48,"column":15}},"48":{"start":{"line":49,"column":0},"end":{"line":49,"column":15}},"49":{"start":{"line":50,"column":0},"end":{"line":50,"column":13}},"50":{"start":{"line":51,"column":0},"end":{"line":51,"column":36}},"51":{"start":{"line":52,"column":0},"end":{"line":52,"column":55}},"52":{"start":{"line":53,"column":0},"end":{"line":53,"column":34}},"53":{"start":{"line":54,"column":0},"end":{"line":54,"column":35}},"54":{"start":{"line":55,"column":0},"end":{"line":55,"column":30}},"55":{"start":{"line":56,"column":0},"end":{"line":56,"column":6}},"56":{"start":{"line":57,"column":0},"end":{"line":57,"column":24}},"57":{"start":{"line":58,"column":0},"end":{"line":58,"column":16}},"58":{"start":{"line":59,"column":0},"end":{"line":59,"column":12}},"59":{"start":{"line":60,"column":0},"end":{"line":60,"column":74}},"60":{"start":{"line":61,"column":0},"end":{"line":61,"column":10}},"61":{"start":{"line":62,"column":0},"end":{"line":62,"column":53}},"62":{"start":{"line":63,"column":0},"end":{"line":63,"column":55}},"63":{"start":{"line":64,"column":0},"end":{"line":64,"column":35}},"64":{"start":{"line":65,"column":0},"end":{"line":65,"column":30}},"65":{"start":{"line":66,"column":0},"end":{"line":66,"column":6}},"66":{"start":{"line":67,"column":0},"end":{"line":67,"column":23}},"67":{"start":{"line":68,"column":0},"end":{"line":68,"column":24}},"68":{"start":{"line":69,"column":0},"end":{"line":69,"column":24}},"69":{"start":{"line":70,"column":0},"end":{"line":70,"column":31}},"70":{"start":{"line":71,"column":0},"end":{"line":71,"column":32}},"71":{"start":{"line":72,"column":0},"end":{"line":72,"column":36}},"72":{"start":{"line":73,"column":0},"end":{"line":73,"column":6}},"73":{"start":{"line":74,"column":0},"end":{"line":74,"column":30}},"74":{"start":{"line":75,"column":0},"end":{"line":75,"column":29}},"75":{"start":{"line":76,"column":0},"end":{"line":76,"column":6}},"76":{"start":{"line":77,"column":0},"end":{"line":77,"column":29}},"77":{"start":{"line":78,"column":0},"end":{"line":78,"column":30}},"78":{"start":{"line":79,"column":0},"end":{"line":79,"column":5}},"79":{"start":{"line":80,"column":0},"end":{"line":80,"column":4}},"80":{"start":{"line":81,"column":0},"end":{"line":81,"column":31}},"81":{"start":{"line":82,"column":0},"end":{"line":82,"column":29}},"82":{"start":{"line":83,"column":0},"end":{"line":83,"column":52}},"83":{"start":{"line":84,"column":0},"end":{"line":84,"column":29}},"84":{"start":{"line":85,"column":0},"end":{"line":85,"column":25}},"85":{"start":{"line":86,"column":0},"end":{"line":86,"column":7}},"86":{"start":{"line":87,"column":0},"end":{"line":87,"column":46}},"87":{"start":{"line":88,"column":0},"end":{"line":88,"column":62}},"88":{"start":{"line":89,"column":0},"end":{"line":89,"column":40}},"89":{"start":{"line":90,"column":0},"end":{"line":90,"column":35}},"90":{"start":{"line":91,"column":0},"end":{"line":91,"column":30}},"91":{"start":{"line":92,"column":0},"end":{"line":92,"column":7}},"92":{"start":{"line":93,"column":0},"end":{"line":93,"column":27}},"93":{"start":{"line":94,"column":0},"end":{"line":94,"column":61}},"94":{"start":{"line":95,"column":0},"end":{"line":95,"column":30}},"95":{"start":{"line":96,"column":0},"end":{"line":96,"column":52}},"96":{"start":{"line":97,"column":0},"end":{"line":97,"column":7}},"97":{"start":{"line":98,"column":0},"end":{"line":98,"column":0}},"98":{"start":{"line":99,"column":0},"end":{"line":99,"column":54}},"99":{"start":{"line":100,"column":0},"end":{"line":100,"column":29}},"100":{"start":{"line":101,"column":0},"end":{"line":101,"column":25}},"101":{"start":{"line":102,"column":0},"end":{"line":102,"column":7}},"102":{"start":{"line":103,"column":0},"end":{"line":103,"column":46}},"103":{"start":{"line":104,"column":0},"end":{"line":104,"column":64}},"104":{"start":{"line":105,"column":0},"end":{"line":105,"column":54}},"105":{"start":{"line":106,"column":0},"end":{"line":106,"column":56}},"106":{"start":{"line":107,"column":0},"end":{"line":107,"column":35}},"107":{"start":{"line":108,"column":0},"end":{"line":108,"column":30}},"108":{"start":{"line":109,"column":0},"end":{"line":109,"column":7}},"109":{"start":{"line":110,"column":0},"end":{"line":110,"column":27}},"110":{"start":{"line":111,"column":0},"end":{"line":111,"column":63}},"111":{"start":{"line":112,"column":0},"end":{"line":112,"column":30}},"112":{"start":{"line":113,"column":0},"end":{"line":113,"column":52}},"113":{"start":{"line":114,"column":0},"end":{"line":114,"column":7}},"114":{"start":{"line":115,"column":0},"end":{"line":115,"column":0}},"115":{"start":{"line":116,"column":0},"end":{"line":116,"column":37}},"116":{"start":{"line":117,"column":0},"end":{"line":117,"column":49}},"117":{"start":{"line":118,"column":0},"end":{"line":118,"column":29}},"118":{"start":{"line":119,"column":0},"end":{"line":119,"column":25}},"119":{"start":{"line":120,"column":0},"end":{"line":120,"column":7}},"120":{"start":{"line":121,"column":0},"end":{"line":121,"column":0}},"121":{"start":{"line":122,"column":0},"end":{"line":122,"column":46}},"122":{"start":{"line":123,"column":0},"end":{"line":123,"column":59}},"123":{"start":{"line":124,"column":0},"end":{"line":124,"column":40}},"124":{"start":{"line":125,"column":0},"end":{"line":125,"column":35}},"125":{"start":{"line":126,"column":0},"end":{"line":126,"column":30}},"126":{"start":{"line":127,"column":0},"end":{"line":127,"column":7}},"127":{"start":{"line":128,"column":0},"end":{"line":128,"column":27}},"128":{"start":{"line":129,"column":0},"end":{"line":129,"column":58}},"129":{"start":{"line":130,"column":0},"end":{"line":130,"column":36}},"130":{"start":{"line":131,"column":0},"end":{"line":131,"column":30}},"131":{"start":{"line":132,"column":0},"end":{"line":132,"column":52}},"132":{"start":{"line":133,"column":0},"end":{"line":133,"column":7}},"133":{"start":{"line":134,"column":0},"end":{"line":134,"column":3}},"134":{"start":{"line":135,"column":0},"end":{"line":135,"column":3}},"135":{"start":{"line":136,"column":0},"end":{"line":136,"column":0}},"136":{"start":{"line":137,"column":0},"end":{"line":137,"column":72}},"137":{"start":{"line":138,"column":0},"end":{"line":138,"column":20}},"138":{"start":{"line":139,"column":0},"end":{"line":139,"column":33}}},"s":{"0":1,"1":1,"2":1,"3":1,"4":1,"5":1,"6":1,"7":1,"8":1,"9":1,"10":1,"11":1,"12":1,"13":1,"14":1,"15":1,"16":1,"17":1,"18":1,"19":1,"20":1,"21":1,"22":1,"23":1,"24":1,"25":1,"26":1,"27":1,"28":1,"29":1,"30":3,"31":3,"32":3,"33":1,"34":1,"35":1,"36":1,"37":3,"38":3,"39":1,"40":1,"41":1,"42":3,"43":3,"44":1,"45":1,"46":1,"47":1,"48":1,"49":1,"50":1,"51":1,"52":2,"53":2,"54":2,"55":1,"56":1,"57":1,"58":2,"59":2,"60":2,"61":2,"62":2,"63":2,"64":2,"65":1,"66":1,"67":1,"68":1,"69":1,"70":1,"71":1,"72":1,"73":1,"74":1,"75":1,"76":1,"77":1,"78":1,"79":1,"80":1,"81":2,"82":2,"83":3,"84":3,"85":2,"86":2,"87":2,"88":2,"89":2,"90":2,"91":2,"92":2,"93":2,"94":1,"95":1,"96":2,"97":2,"98":2,"99":3,"100":3,"101":2,"102":2,"103":2,"104":2,"105":2,"106":2,"107":2,"108":2,"109":2,"110":2,"111":1,"112":1,"113":2,"114":2,"115":2,"116":2,"117":3,"118":3,"119":2,"120":2,"121":2,"122":2,"123":2,"124":2,"125":2,"126":2,"127":2,"128":2,"129":1,"130":1,"131":1,"132":2,"133":2,"134":1,"135":1,"136":1,"137":1,"138":1},"branchMap":{"0":{"type":"branch","line":30,"loc":{"start":{"line":30,"column":2},"end":{"line":33,"column":3}},"locations":[{"start":{"line":30,"column":2},"end":{"line":33,"column":3}}]},"1":{"type":"branch","line":30,"loc":{"start":{"line":30,"column":68},"end":{"line":33,"column":3}},"locations":[{"start":{"line":30,"column":68},"end":{"line":33,"column":3}}]},"2":{"type":"branch","line":31,"loc":{"start":{"line":31,"column":17},"end":{"line":31,"column":47}},"locations":[{"start":{"line":31,"column":17},"end":{"line":31,"column":47}}]},"3":{"type":"branch","line":37,"loc":{"start":{"line":37,"column":66},"end":{"line":40,"column":2}},"locations":[{"start":{"line":37,"column":66},"end":{"line":40,"column":2}}]},"4":{"type":"branch","line":37,"loc":{"start":{"line":37,"column":66},"end":{"line":40,"column":2}},"locations":[{"start":{"line":37,"column":66},"end":{"line":40,"column":2}}]},"5":{"type":"branch","line":38,"loc":{"start":{"line":38,"column":19},"end":{"line":38,"column":71}},"locations":[{"start":{"line":38,"column":19},"end":{"line":38,"column":71}}]},"6":{"type":"branch","line":42,"loc":{"start":{"line":42,"column":56},"end":{"line":45,"column":2}},"locations":[{"start":{"line":42,"column":56},"end":{"line":45,"column":2}}]},"7":{"type":"branch","line":42,"loc":{"start":{"line":42,"column":56},"end":{"line":45,"column":2}},"locations":[{"start":{"line":42,"column":56},"end":{"line":45,"column":2}}]},"8":{"type":"branch","line":43,"loc":{"start":{"line":43,"column":19},"end":{"line":43,"column":38}},"locations":[{"start":{"line":43,"column":19},"end":{"line":43,"column":38}}]},"9":{"type":"branch","line":52,"loc":{"start":{"line":52,"column":13},"end":{"line":56,"column":5}},"locations":[{"start":{"line":52,"column":13},"end":{"line":56,"column":5}}]},"10":{"type":"branch","line":58,"loc":{"start":{"line":58,"column":15},"end":{"line":66,"column":5}},"locations":[{"start":{"line":58,"column":15},"end":{"line":66,"column":5}}]},"11":{"type":"branch","line":68,"loc":{"start":{"line":68,"column":12},"end":{"line":73,"column":5}},"locations":[{"start":{"line":68,"column":12},"end":{"line":73,"column":5}}]},"12":{"type":"branch","line":74,"loc":{"start":{"line":74,"column":18},"end":{"line":76,"column":5}},"locations":[{"start":{"line":74,"column":18},"end":{"line":76,"column":5}}]},"13":{"type":"branch","line":77,"loc":{"start":{"line":77,"column":17},"end":{"line":79,"column":5}},"locations":[{"start":{"line":77,"column":17},"end":{"line":79,"column":5}}]},"14":{"type":"branch","line":81,"loc":{"start":{"line":81,"column":17},"end":{"line":134,"column":3}},"locations":[{"start":{"line":81,"column":17},"end":{"line":134,"column":3}}]},"15":{"type":"branch","line":83,"loc":{"start":{"line":83,"column":40},"end":{"line":86,"column":5}},"locations":[{"start":{"line":83,"column":40},"end":{"line":86,"column":5}}]},"16":{"type":"branch","line":88,"loc":{"start":{"line":88,"column":42},"end":{"line":92,"column":5}},"locations":[{"start":{"line":88,"column":42},"end":{"line":92,"column":5}}]},"17":{"type":"branch","line":89,"loc":{"start":{"line":89,"column":33},"end":{"line":89,"column":35}},"locations":[{"start":{"line":89,"column":33},"end":{"line":89,"column":35}}]},"18":{"type":"branch","line":89,"loc":{"start":{"line":89,"column":33},"end":{"line":89,"column":39}},"locations":[{"start":{"line":89,"column":33},"end":{"line":89,"column":39}}]},"19":{"type":"branch","line":94,"loc":{"start":{"line":94,"column":41},"end":{"line":97,"column":5}},"locations":[{"start":{"line":94,"column":41},"end":{"line":97,"column":5}}]},"20":{"type":"branch","line":96,"loc":{"start":{"line":96,"column":40},"end":{"line":96,"column":51}},"locations":[{"start":{"line":96,"column":40},"end":{"line":96,"column":51}}]},"21":{"type":"branch","line":99,"loc":{"start":{"line":99,"column":42},"end":{"line":102,"column":5}},"locations":[{"start":{"line":99,"column":42},"end":{"line":102,"column":5}}]},"22":{"type":"branch","line":104,"loc":{"start":{"line":104,"column":44},"end":{"line":109,"column":5}},"locations":[{"start":{"line":104,"column":44},"end":{"line":109,"column":5}}]},"23":{"type":"branch","line":105,"loc":{"start":{"line":105,"column":40},"end":{"line":105,"column":42}},"locations":[{"start":{"line":105,"column":40},"end":{"line":105,"column":42}}]},"24":{"type":"branch","line":105,"loc":{"start":{"line":105,"column":40},"end":{"line":105,"column":53}},"locations":[{"start":{"line":105,"column":40},"end":{"line":105,"column":53}}]},"25":{"type":"branch","line":106,"loc":{"start":{"line":106,"column":41},"end":{"line":106,"column":43}},"locations":[{"start":{"line":106,"column":41},"end":{"line":106,"column":43}}]},"26":{"type":"branch","line":106,"loc":{"start":{"line":106,"column":41},"end":{"line":106,"column":55}},"locations":[{"start":{"line":106,"column":41},"end":{"line":106,"column":55}}]},"27":{"type":"branch","line":111,"loc":{"start":{"line":111,"column":43},"end":{"line":114,"column":5}},"locations":[{"start":{"line":111,"column":43},"end":{"line":114,"column":5}}]},"28":{"type":"branch","line":113,"loc":{"start":{"line":113,"column":40},"end":{"line":113,"column":51}},"locations":[{"start":{"line":113,"column":40},"end":{"line":113,"column":51}}]},"29":{"type":"branch","line":117,"loc":{"start":{"line":117,"column":37},"end":{"line":120,"column":5}},"locations":[{"start":{"line":117,"column":37},"end":{"line":120,"column":5}}]},"30":{"type":"branch","line":123,"loc":{"start":{"line":123,"column":39},"end":{"line":127,"column":5}},"locations":[{"start":{"line":123,"column":39},"end":{"line":127,"column":5}}]},"31":{"type":"branch","line":124,"loc":{"start":{"line":124,"column":33},"end":{"line":124,"column":35}},"locations":[{"start":{"line":124,"column":33},"end":{"line":124,"column":35}}]},"32":{"type":"branch","line":124,"loc":{"start":{"line":124,"column":33},"end":{"line":124,"column":39}},"locations":[{"start":{"line":124,"column":33},"end":{"line":124,"column":39}}]},"33":{"type":"branch","line":129,"loc":{"start":{"line":129,"column":38},"end":{"line":133,"column":5}},"locations":[{"start":{"line":129,"column":38},"end":{"line":133,"column":5}}]},"34":{"type":"branch","line":132,"loc":{"start":{"line":132,"column":40},"end":{"line":132,"column":51}},"locations":[{"start":{"line":132,"column":40},"end":{"line":132,"column":51}}]}},"b":{"0":[3],"1":[3],"2":[3],"3":[3],"4":[3],"5":[3],"6":[3],"7":[3],"8":[3],"9":[2],"10":[2],"11":[1],"12":[1],"13":[1],"14":[2],"15":[3],"16":[2],"17":[1],"18":[1],"19":[1],"20":[0],"21":[3],"22":[2],"23":[1],"24":[1],"25":[1],"26":[1],"27":[1],"28":[0],"29":[3],"30":[2],"31":[1],"32":[1],"33":[1],"34":[0]},"fnMap":{"0":{"name":"setUser","decl":{"start":{"line":52,"column":13},"end":{"line":56,"column":5}},"loc":{"start":{"line":52,"column":13},"end":{"line":56,"column":5}},"line":52},"1":{"name":"setTokens","decl":{"start":{"line":58,"column":15},"end":{"line":66,"column":5}},"loc":{"start":{"line":58,"column":15},"end":{"line":66,"column":5}},"line":58},"2":{"name":"logout","decl":{"start":{"line":68,"column":12},"end":{"line":73,"column":5}},"loc":{"start":{"line":68,"column":12},"end":{"line":73,"column":5}},"line":68},"3":{"name":"startLoading","decl":{"start":{"line":74,"column":18},"end":{"line":76,"column":5}},"loc":{"start":{"line":74,"column":18},"end":{"line":76,"column":5}},"line":74},"4":{"name":"stopLoading","decl":{"start":{"line":77,"column":17},"end":{"line":79,"column":5}},"loc":{"start":{"line":77,"column":17},"end":{"line":79,"column":5}},"line":77},"5":{"name":"extraReducers","decl":{"start":{"line":81,"column":17},"end":{"line":134,"column":3}},"loc":{"start":{"line":81,"column":17},"end":{"line":134,"column":3}},"line":81}},"f":{"0":2,"1":2,"2":1,"3":1,"4":1,"5":2}}
,"C:\\Users\\User\\Desktop\\Andrey\\Dev\\Practicum\\stellar-burgers\\src\\slices\\constructorItem\\constructorItemsSlice.ts": {"path":"C:\\Users\\User\\Desktop\\Andrey\\Dev\\Practicum\\stellar-burgers\\src\\slices\\constructorItem\\constructorItemsSlice.ts","all":false,"statementMap":{"0":{"start":{"line":1,"column":0},"end":{"line":1,"column":62}},"1":{"start":{"line":2,"column":0},"end":{"line":2,"column":67}},"2":{"start":{"line":3,"column":0},"end":{"line":3,"column":0}},"3":{"start":{"line":4,"column":0},"end":{"line":4,"column":34}},"4":{"start":{"line":5,"column":0},"end":{"line":5,"column":37}},"5":{"start":{"line":6,"column":0},"end":{"line":6,"column":40}},"6":{"start":{"line":7,"column":0},"end":{"line":7,"column":24}},"7":{"start":{"line":8,"column":0},"end":{"line":8,"column":32}},"8":{"start":{"line":9,"column":0},"end":{"line":9,"column":16}},"9":{"start":{"line":10,"column":0},"end":{"line":10,"column":1}},"10":{"start":{"line":11,"column":0},"end":{"line":11,"column":22}},"11":{"start":{"line":12,"column":0},"end":{"line":12,"column":46}},"12":{"start":{"line":13,"column":0},"end":{"line":13,"column":12}},"13":{"start":{"line":14,"column":0},"end":{"line":14,"column":18}},"14":{"start":{"line":15,"column":0},"end":{"line":15,"column":22}},"15":{"start":{"line":16,"column":0},"end":{"line":16,"column":23}},"16":{"start":{"line":17,"column":0},"end":{"line":17,"column":10}},"17":{"start":{"line":18,"column":0},"end":{"line":18,"column":2}},"18":{"start":{"line":19,"column":0},"end":{"line":19,"column":0}},"19":{"start":{"line":20,"column":0},"end":{"line":20,"column":43}},"20":{"start":{"line":21,"column":0},"end":{"line":21,"column":27}},"21":{"start":{"line":22,"column":0},"end":{"line":22,"column":15}},"22":{"start":{"line":23,"column":0},"end":{"line":23,"column":13}},"23":{"start":{"line":24,"column":0},"end":{"line":24,"column":55}},"24":{"start":{"line":25,"column":0},"end":{"line":25,"column":78}},"25":{"start":{"line":26,"column":0},"end":{"line":26,"column":41}},"26":{"start":{"line":27,"column":0},"end":{"line":27,"column":47}},"27":{"start":{"line":28,"column":0},"end":{"line":28,"column":7}},"28":{"start":{"line":29,"column":0},"end":{"line":29,"column":6}},"29":{"start":{"line":30,"column":0},"end":{"line":30,"column":55}},"30":{"start":{"line":31,"column":0},"end":{"line":31,"column":65}},"31":{"start":{"line":32,"column":0},"end":{"line":32,"column":50}},"32":{"start":{"line":33,"column":0},"end":{"line":33,"column":6}},"33":{"start":{"line":34,"column":0},"end":{"line":34,"column":49}},"34":{"start":{"line":35,"column":0},"end":{"line":35,"column":71}},"35":{"start":{"line":36,"column":0},"end":{"line":36,"column":33}},"36":{"start":{"line":37,"column":0},"end":{"line":37,"column":6}},"37":{"start":{"line":38,"column":0},"end":{"line":38,"column":47}},"38":{"start":{"line":39,"column":0},"end":{"line":39,"column":57}},"39":{"start":{"line":40,"column":0},"end":{"line":40,"column":35}},"40":{"start":{"line":41,"column":0},"end":{"line":41,"column":49}},"41":{"start":{"line":42,"column":0},"end":{"line":42,"column":52}},"42":{"start":{"line":43,"column":0},"end":{"line":43,"column":64}},"43":{"start":{"line":44,"column":0},"end":{"line":44,"column":50}},"44":{"start":{"line":45,"column":0},"end":{"line":45,"column":7}},"45":{"start":{"line":46,"column":0},"end":{"line":46,"column":6}},"46":{"start":{"line":47,"column":0},"end":{"line":47,"column":48}},"47":{"start":{"line":48,"column":0},"end":{"line":48,"column":55}},"48":{"start":{"line":49,"column":0},"end":{"line":49,"column":35}},"49":{"start":{"line":50,"column":0},"end":{"line":50,"column":22}},"50":{"start":{"line":51,"column":0},"end":{"line":51,"column":52}},"51":{"start":{"line":52,"column":0},"end":{"line":52,"column":64}},"52":{"start":{"line":53,"column":0},"end":{"line":53,"column":50}},"53":{"start":{"line":54,"column":0},"end":{"line":54,"column":7}},"54":{"start":{"line":55,"column":0},"end":{"line":55,"column":6}},"55":{"start":{"line":56,"column":0},"end":{"line":56,"column":89}},"56":{"start":{"line":57,"column":0},"end":{"line":57,"column":65}},"57":{"start":{"line":58,"column":0},"end":{"line":58,"column":42}},"58":{"start":{"line":59,"column":0},"end":{"line":59,"column":6}},"59":{"start":{"line":60,"column":0},"end":{"line":60,"column":83}},"60":{"start":{"line":61,"column":0},"end":{"line":61,"column":73}},"61":{"start":{"line":62,"column":0},"end":{"line":62,"column":44}},"62":{"start":{"line":63,"column":0},"end":{"line":63,"column":6}},"63":{"start":{"line":64,"column":0},"end":{"line":64,"column":33}},"64":{"start":{"line":65,"column":0},"end":{"line":65,"column":57}},"65":{"start":{"line":66,"column":0},"end":{"line":66,"column":35}},"66":{"start":{"line":67,"column":0},"end":{"line":67,"column":6}},"67":{"start":{"line":68,"column":0},"end":{"line":68,"column":39}},"68":{"start":{"line":69,"column":0},"end":{"line":69,"column":34}},"69":{"start":{"line":70,"column":0},"end":{"line":70,"column":23}},"70":{"start":{"line":71,"column":0},"end":{"line":71,"column":29}},"71":{"start":{"line":72,"column":0},"end":{"line":72,"column":5}},"72":{"start":{"line":73,"column":0},"end":{"line":73,"column":3}},"73":{"start":{"line":74,"column":0},"end":{"line":74,"column":3}},"74":{"start":{"line":75,"column":0},"end":{"line":75,"column":0}},"75":{"start":{"line":76,"column":0},"end":{"line":76,"column":14}},"76":{"start":{"line":77,"column":0},"end":{"line":77,"column":16}},"77":{"start":{"line":78,"column":0},"end":{"line":78,"column":19}},"78":{"start":{"line":79,"column":0},"end":{"line":79,"column":18}},"79":{"start":{"line":80,"column":0},"end":{"line":80,"column":20}},"80":{"start":{"line":81,"column":0},"end":{"line":81,"column":11}},"81":{"start":{"line":82,"column":0},"end":{"line":82,"column":9}},"82":{"start":{"line":83,"column":0},"end":{"line":83,"column":19}},"83":{"start":{"line":84,"column":0},"end":{"line":84,"column":11}},"84":{"start":{"line":85,"column":0},"end":{"line":85,"column":8}},"85":{"start":{"line":86,"column":0},"end":{"line":86,"column":34}},"86":{"start":{"line":87,"column":0},"end":{"line":87,"column":45}}},"s":{"0":1,"1":1,"2":1,"3":1,"4":1,"5":1,"6":1,"7":1,"8":1,"9":1,"10":1,"11":1,"12":1,"13":1,"14":1,"15":1,"16":1,"17":1,"18":1,"19":1,"20":1,"21":1,"22":1,"23":1,"24":1,"25":3,"26":3,"27":3,"28":1,"29":1,"30":1,"31":1,"32":1,"33":1,"34":1,"35":1,"36":1,"37":1,"38":1,"39":1,"40":1,"41":1,"42":1,"43":1,"44":1,"45":1,"46":1,"47":1,"48":1,"49":1,"50":1,"51":1,"52":1,"53":1,"54":1,"55":1,"56":1,"57":1,"58":1,"59":1,"60":1,"61":1,"62":1,"63":1,"64":1,"65":1,"66":1,"67":1,"68":1,"69":1,"70":1,"71":1,"72":1,"73":1,"74":1,"75":1,"76":1,"77":1,"78":1,"79":1,"80":1,"81":1,"82":1,"83":1,"84":1,"85":1,"86":1},"branchMap":{"0":{"type":"branch","line":25,"loc":{"start":{"line":25,"column":19},"end":{"line":29,"column":5}},"locations":[{"start":{"line":25,"column":19},"end":{"line":29,"column":5}}]},"1":{"type":"branch","line":31,"loc":{"start":{"line":31,"column":22},"end":{"line":33,"column":5}},"locations":[{"start":{"line":31,"column":22},"end":{"line":33,"column":5}}]},"2":{"type":"branch","line":35,"loc":{"start":{"line":35,"column":12},"end":{"line":37,"column":5}},"locations":[{"start":{"line":35,"column":12},"end":{"line":37,"column":5}}]},"3":{"type":"branch","line":39,"loc":{"start":{"line":39,"column":14},"end":{"line":46,"column":5}},"locations":[{"start":{"line":39,"column":14},"end":{"line":46,"column":5}}]},"4":{"type":"branch","line":48,"loc":{"start":{"line":48,"column":12},"end":{"line":55,"column":5}},"locations":[{"start":{"line":48,"column":12},"end":{"line":55,"column":5}}]},"5":{"type":"branch","line":57,"loc":{"start":{"line":57,"column":21},"end":{"line":59,"column":5}},"locations":[{"start":{"line":57,"column":21},"end":{"line":59,"column":5}}]},"6":{"type":"branch","line":61,"loc":{"start":{"line":61,"column":23},"end":{"line":63,"column":5}},"locations":[{"start":{"line":61,"column":23},"end":{"line":63,"column":5}}]},"7":{"type":"branch","line":65,"loc":{"start":{"line":65,"column":14},"end":{"line":67,"column":5}},"locations":[{"start":{"line":65,"column":14},"end":{"line":67,"column":5}}]},"8":{"type":"branch","line":69,"loc":{"start":{"line":69,"column":22},"end":{"line":72,"column":5}},"locations":[{"start":{"line":69,"column":22},"end":{"line":72,"column":5}}]}},"b":{"0":[3],"1":[1],"2":[1],"3":[1],"4":[1],"5":[1],"6":[1],"7":[1],"8":[1]},"fnMap":{"0":{"name":"addIngredient","decl":{"start":{"line":25,"column":19},"end":{"line":29,"column":5}},"loc":{"start":{"line":25,"column":19},"end":{"line":29,"column":5}},"line":25},"1":{"name":"removeIngredient","decl":{"start":{"line":31,"column":22},"end":{"line":33,"column":5}},"loc":{"start":{"line":31,"column":22},"end":{"line":33,"column":5}},"line":31},"2":{"name":"setBun","decl":{"start":{"line":35,"column":12},"end":{"line":37,"column":5}},"loc":{"start":{"line":35,"column":12},"end":{"line":37,"column":5}},"line":35},"3":{"name":"moveDown","decl":{"start":{"line":39,"column":14},"end":{"line":46,"column":5}},"loc":{"start":{"line":39,"column":14},"end":{"line":46,"column":5}},"line":39},"4":{"name":"moveUp","decl":{"start":{"line":48,"column":12},"end":{"line":55,"column":5}},"loc":{"start":{"line":48,"column":12},"end":{"line":55,"column":5}},"line":48},"5":{"name":"setOrderRequest","decl":{"start":{"line":57,"column":21},"end":{"line":59,"column":5}},"loc":{"start":{"line":57,"column":21},"end":{"line":59,"column":5}},"line":57},"6":{"name":"setOrderModalData","decl":{"start":{"line":61,"column":23},"end":{"line":63,"column":5}},"loc":{"start":{"line":61,"column":23},"end":{"line":63,"column":5}},"line":61},"7":{"name":"setPrice","decl":{"start":{"line":65,"column":14},"end":{"line":67,"column":5}},"loc":{"start":{"line":65,"column":14},"end":{"line":67,"column":5}},"line":65},"8":{"name":"clearConstructor","decl":{"start":{"line":69,"column":22},"end":{"line":72,"column":5}},"loc":{"start":{"line":69,"column":22},"end":{"line":72,"column":5}},"line":69}},"f":{"0":3,"1":1,"2":1,"3":1,"4":1,"5":1,"6":1,"7":1,"8":1}}
,"C:\\Users\\User\\Desktop\\Andrey\\Dev\\Practicum\\stellar-burgers\\src\\slices\\ingredients\\ingredientsSlice.ts": {"path":"C:\\Users\\User\\Desktop\\Andrey\\Dev\\Practicum\\stellar-burgers\\src\\slices\\ingredients\\ingredientsSlice.ts","all":false,"statementMap":{"0":{"start":{"line":1,"column":0},"end":{"line":1,"column":65}},"1":{"start":{"line":2,"column":0},"end":{"line":2,"column":59}},"2":{"start":{"line":3,"column":0},"end":{"line":3,"column":48}},"3":{"start":{"line":4,"column":0},"end":{"line":4,"column":0}},"4":{"start":{"line":5,"column":0},"end":{"line":5,"column":28}},"5":{"start":{"line":6,"column":0},"end":{"line":6,"column":29}},"6":{"start":{"line":7,"column":0},"end":{"line":7,"column":21}},"7":{"start":{"line":8,"column":0},"end":{"line":8,"column":23}},"8":{"start":{"line":9,"column":0},"end":{"line":9,"column":1}},"9":{"start":{"line":10,"column":0},"end":{"line":10,"column":22}},"10":{"start":{"line":11,"column":0},"end":{"line":11,"column":40}},"11":{"start":{"line":12,"column":0},"end":{"line":12,"column":18}},"12":{"start":{"line":13,"column":0},"end":{"line":13,"column":19}},"13":{"start":{"line":14,"column":0},"end":{"line":14,"column":13}},"14":{"start":{"line":15,"column":0},"end":{"line":15,"column":2}},"15":{"start":{"line":16,"column":0},"end":{"line":16,"column":21}},"16":{"start":{"line":17,"column":0},"end":{"line":17,"column":49}},"17":{"start":{"line":18,"column":0},"end":{"line":18,"column":33}},"18":{"start":{"line":19,"column":0},"end":{"line":19,"column":15}},"19":{"start":{"line":20,"column":0},"end":{"line":20,"column":50}},"20":{"start":{"line":21,"column":0},"end":{"line":21,"column":23}},"21":{"start":{"line":22,"column":0},"end":{"line":22,"column":3}},"22":{"start":{"line":23,"column":0},"end":{"line":23,"column":2}},"23":{"start":{"line":24,"column":0},"end":{"line":24,"column":10}},"24":{"start":{"line":25,"column":0},"end":{"line":25,"column":38}},"25":{"start":{"line":26,"column":0},"end":{"line":26,"column":22}},"26":{"start":{"line":27,"column":0},"end":{"line":27,"column":15}},"27":{"start":{"line":28,"column":0},"end":{"line":28,"column":15}},"28":{"start":{"line":29,"column":0},"end":{"line":29,"column":31}},"29":{"start":{"line":30,"column":0},"end":{"line":30,"column":29}},"30":{"start":{"line":31,"column":0},"end":{"line":31,"column":58}},"31":{"start":{"line":32,"column":0},"end":{"line":32,"column":29}},"32":{"start":{"line":33,"column":0},"end":{"line":33,"column":25}},"33":{"start":{"line":34,"column":0},"end":{"line":34,"column":7}},"34":{"start":{"line":35,"column":0},"end":{"line":35,"column":46}},"35":{"start":{"line":36,"column":0},"end":{"line":36,"column":68}},"36":{"start":{"line":37,"column":0},"end":{"line":37,"column":41}},"37":{"start":{"line":38,"column":0},"end":{"line":38,"column":30}},"38":{"start":{"line":39,"column":0},"end":{"line":39,"column":25}},"39":{"start":{"line":40,"column":0},"end":{"line":40,"column":7}},"40":{"start":{"line":41,"column":0},"end":{"line":41,"column":27}},"41":{"start":{"line":42,"column":0},"end":{"line":42,"column":67}},"42":{"start":{"line":43,"column":0},"end":{"line":43,"column":30}},"43":{"start":{"line":44,"column":0},"end":{"line":44,"column":52}},"44":{"start":{"line":45,"column":0},"end":{"line":45,"column":7}},"45":{"start":{"line":46,"column":0},"end":{"line":46,"column":3}},"46":{"start":{"line":47,"column":0},"end":{"line":47,"column":3}},"47":{"start":{"line":48,"column":0},"end":{"line":48,"column":0}},"48":{"start":{"line":49,"column":0},"end":{"line":49,"column":40}}},"s":{"0":1,"1":1,"2":1,"3":1,"4":1,"5":1,"6":1,"7":1,"8":1,"9":1,"10":1,"11":1,"12":1,"13":1,"14":1,"15":1,"16":1,"17":1,"18":1,"19":3,"20":3,"21":3,"22":1,"23":1,"24":1,"25":1,"26":1,"27":1,"28":1,"29":2,"30":2,"31":3,"32":3,"33":2,"34":2,"35":2,"36":2,"37":2,"38":2,"39":2,"40":2,"41":2,"42":1,"43":1,"44":2,"45":2,"46":1,"47":1,"48":1},"branchMap":{"0":{"type":"branch","line":19,"loc":{"start":{"line":19,"column":2},"end":{"line":22,"column":3}},"locations":[{"start":{"line":19,"column":2},"end":{"line":22,"column":3}}]},"1":{"type":"branch","line":19,"loc":{"start":{"line":19,"column":2},"end":{"line":22,"column":3}},"locations":[{"start":{"line":19,"column":2},"end":{"line":22,"column":3}}]},"2":{"type":"branch","line":20,"loc":{"start":{"line":20,"column":24},"end":{"line":20,"column":50}},"locations":[{"start":{"line":20,"column":24},"end":{"line":20,"column":50}}]},"3":{"type":"branch","line":29,"loc":{"start":{"line":29,"column":17},"end":{"line":46,"column":3}},"locations":[{"start":{"line":29,"column":17},"end":{"line":46,"column":3}}]},"4":{"type":"branch","line":31,"loc":{"start":{"line":31,"column":46},"end":{"line":34,"column":5}},"locations":[{"start":{"line":31,"column":46},"end":{"line":34,"column":5}}]},"5":{"type":"branch","line":36,"loc":{"start":{"line":36,"column":48},"end":{"line":40,"column":5}},"locations":[{"start":{"line":36,"column":48},"end":{"line":40,"column":5}}]},"6":{"type":"branch","line":42,"loc":{"start":{"line":42,"column":47},"end":{"line":45,"column":5}},"locations":[{"start":{"line":42,"column":47},"end":{"line":45,"column":5}}]},"7":{"type":"branch","line":44,"loc":{"start":{"line":44,"column":40},"end":{"line":44,"column":51}},"locations":[{"start":{"line":44,"column":40},"end":{"line":44,"column":51}}]}},"b":{"0":[3],"1":[3],"2":[3],"3":[2],"4":[3],"5":[2],"6":[1],"7":[0]},"fnMap":{"0":{"name":"extraReducers","decl":{"start":{"line":29,"column":17},"end":{"line":46,"column":3}},"loc":{"start":{"line":29,"column":17},"end":{"line":46,"column":3}},"line":29}},"f":{"0":2}}
,"C:\\Users\\User\\Desktop\\Andrey\\Dev\\Practicum\\stellar-burgers\\src\\slices\\order\\orderSlice.ts": {"path":"C:\\Users\\User\\Desktop\\Andrey\\Dev\\Practicum\\stellar-burgers\\src\\slices\\order\\orderSlice.ts","all":false,"statementMap":{"0":{"start":{"line":1,"column":0},"end":{"line":1,"column":80}},"1":{"start":{"line":2,"column":0},"end":{"line":2,"column":43}},"2":{"start":{"line":3,"column":0},"end":{"line":3,"column":56}},"3":{"start":{"line":4,"column":0},"end":{"line":4,"column":0}},"4":{"start":{"line":5,"column":0},"end":{"line":5,"column":33}},"5":{"start":{"line":6,"column":0},"end":{"line":6,"column":22}},"6":{"start":{"line":7,"column":0},"end":{"line":7,"column":31}},"7":{"start":{"line":8,"column":0},"end":{"line":8,"column":19}},"8":{"start":{"line":9,"column":0},"end":{"line":9,"column":30}},"9":{"start":{"line":10,"column":0},"end":{"line":10,"column":2}},"10":{"start":{"line":11,"column":0},"end":{"line":11,"column":0}},"11":{"start":{"line":12,"column":0},"end":{"line":12,"column":38}},"12":{"start":{"line":13,"column":0},"end":{"line":13,"column":42}},"13":{"start":{"line":14,"column":0},"end":{"line":14,"column":20}},"14":{"start":{"line":15,"column":0},"end":{"line":15,"column":41}},"15":{"start":{"line":16,"column":0},"end":{"line":16,"column":60}},"16":{"start":{"line":17,"column":0},"end":{"line":17,"column":74}},"17":{"start":{"line":18,"column":0},"end":{"line":18,"column":3}},"18":{"start":{"line":19,"column":0},"end":{"line":19,"column":2}},"19":{"start":{"line":20,"column":0},"end":{"line":20,"column":0}},"20":{"start":{"line":21,"column":0},"end":{"line":21,"column":19}},"21":{"start":{"line":22,"column":0},"end":{"line":22,"column":32}},"22":{"start":{"line":23,"column":0},"end":{"line":23,"column":16}},"23":{"start":{"line":24,"column":0},"end":{"line":24,"column":15}},"24":{"start":{"line":25,"column":0},"end":{"line":25,"column":13}},"25":{"start":{"line":26,"column":0},"end":{"line":26,"column":35}},"26":{"start":{"line":27,"column":0},"end":{"line":27,"column":23}},"27":{"start":{"line":28,"column":0},"end":{"line":28,"column":25}},"28":{"start":{"line":29,"column":0},"end":{"line":29,"column":25}},"29":{"start":{"line":30,"column":0},"end":{"line":30,"column":30}},"30":{"start":{"line":31,"column":0},"end":{"line":31,"column":5}},"31":{"start":{"line":32,"column":0},"end":{"line":32,"column":4}},"32":{"start":{"line":33,"column":0},"end":{"line":33,"column":31}},"33":{"start":{"line":34,"column":0},"end":{"line":34,"column":11}},"34":{"start":{"line":35,"column":0},"end":{"line":35,"column":47}},"35":{"start":{"line":36,"column":0},"end":{"line":36,"column":46}},"36":{"start":{"line":37,"column":0},"end":{"line":37,"column":31}},"37":{"start":{"line":38,"column":0},"end":{"line":38,"column":27}},"38":{"start":{"line":39,"column":0},"end":{"line":39,"column":8}},"39":{"start":{"line":40,"column":0},"end":{"line":40,"column":54}},"40":{"start":{"line":41,"column":0},"end":{"line":41,"column":43}},"41":{"start":{"line":42,"column":0},"end":{"line":42,"column":79}},"42":{"start":{"line":43,"column":0},"end":{"line":43,"column":32}},"43":{"start":{"line":44,"column":0},"end":{"line":44,"column":37}},"44":{"start":{"line":45,"column":0},"end":{"line":45,"column":8}},"45":{"start":{"line":46,"column":0},"end":{"line":46,"column":59}},"46":{"start":{"line":47,"column":0},"end":{"line":47,"column":55}},"47":{"start":{"line":48,"column":0},"end":{"line":48,"column":32}},"48":{"start":{"line":49,"column":0},"end":{"line":49,"column":54}},"49":{"start":{"line":50,"column":0},"end":{"line":50,"column":9}},"50":{"start":{"line":51,"column":0},"end":{"line":51,"column":3}},"51":{"start":{"line":52,"column":0},"end":{"line":52,"column":3}},"52":{"start":{"line":53,"column":0},"end":{"line":53,"column":0}},"53":{"start":{"line":54,"column":0},"end":{"line":54,"column":30}},"54":{"start":{"line":55,"column":0},"end":{"line":55,"column":49}},"55":{"start":{"line":56,"column":0},"end":{"line":56,"column":34}}},"s":{"0":1,"1":1,"2":1,"3":1,"4":1,"5":1,"6":1,"7":1,"8":1,"9":1,"10":1,"11":1,"12":1,"13":1,"14":1,"15":3,"16":3,"17":3,"18":1,"19":1,"20":1,"21":1,"22":1,"23":1,"24":1,"25":1,"26":1,"27":1,"28":1,"29":1,"30":1,"31":1,"32":1,"33":2,"34":2,"35":2,"36":3,"37":3,"38":2,"39":2,"40":2,"41":2,"42":1,"43":1,"44":2,"45":2,"46":2,"47":2,"48":2,"49":2,"50":2,"51":1,"52":1,"53":1,"54":1,"55":1},"branchMap":{"0":{"type":"branch","line":15,"loc":{"start":{"line":15,"column":2},"end":{"line":18,"column":3}},"locations":[{"start":{"line":15,"column":2},"end":{"line":18,"column":3}}]},"1":{"type":"branch","line":15,"loc":{"start":{"line":15,"column":35},"end":{"line":18,"column":3}},"locations":[{"start":{"line":15,"column":35},"end":{"line":18,"column":3}}]},"2":{"type":"branch","line":16,"loc":{"start":{"line":16,"column":21},"end":{"line":16,"column":60}},"locations":[{"start":{"line":16,"column":21},"end":{"line":16,"column":60}}]},"3":{"type":"branch","line":27,"loc":{"start":{"line":27,"column":14},"end":{"line":31,"column":5}},"locations":[{"start":{"line":27,"column":14},"end":{"line":31,"column":5}}]},"4":{"type":"branch","line":33,"loc":{"start":{"line":33,"column":17},"end":{"line":51,"column":3}},"locations":[{"start":{"line":33,"column":17},"end":{"line":51,"column":3}}]},"5":{"type":"branch","line":36,"loc":{"start":{"line":36,"column":34},"end":{"line":39,"column":7}},"locations":[{"start":{"line":36,"column":34},"end":{"line":39,"column":7}}]},"6":{"type":"branch","line":42,"loc":{"start":{"line":42,"column":36},"end":{"line":45,"column":7}},"locations":[{"start":{"line":42,"column":36},"end":{"line":45,"column":7}}]},"7":{"type":"branch","line":47,"loc":{"start":{"line":47,"column":35},"end":{"line":50,"column":7}},"locations":[{"start":{"line":47,"column":35},"end":{"line":50,"column":7}}]},"8":{"type":"branch","line":49,"loc":{"start":{"line":49,"column":42},"end":{"line":49,"column":53}},"locations":[{"start":{"line":49,"column":42},"end":{"line":49,"column":53}}]}},"b":{"0":[3],"1":[3],"2":[3],"3":[1],"4":[2],"5":[3],"6":[1],"7":[2],"8":[0]},"fnMap":{"0":{"name":"clearOrder","decl":{"start":{"line":27,"column":14},"end":{"line":31,"column":5}},"loc":{"start":{"line":27,"column":14},"end":{"line":31,"column":5}},"line":27},"1":{"name":"extraReducers","decl":{"start":{"line":33,"column":17},"end":{"line":51,"column":3}},"loc":{"start":{"line":33,"column":17},"end":{"line":51,"column":3}},"line":33}},"f":{"0":1,"1":2}}
,"C:\\Users\\User\\Desktop\\Andrey\\Dev\\Practicum\\stellar-burgers\\src\\slices\\ordersData\\ordersDataSlice.ts": {"path":"C:\\Users\\User\\Desktop\\Andrey\\Dev\\Practicum\\stellar-burgers\\src\\slices\\ordersData\\ordersDataSlice.ts","all":false,"statementMap":{"0":{"start":{"line":1,"column":0},"end":{"line":1,"column":74}},"1":{"start":{"line":2,"column":0},"end":{"line":2,"column":80}},"2":{"start":{"line":3,"column":0},"end":{"line":3,"column":51}},"3":{"start":{"line":4,"column":0},"end":{"line":4,"column":0}},"4":{"start":{"line":5,"column":0},"end":{"line":5,"column":35}},"5":{"start":{"line":6,"column":0},"end":{"line":6,"column":13}},"6":{"start":{"line":7,"column":0},"end":{"line":7,"column":11}},"7":{"start":{"line":8,"column":0},"end":{"line":8,"column":16}},"8":{"start":{"line":9,"column":0},"end":{"line":9,"column":18}},"9":{"start":{"line":10,"column":0},"end":{"line":10,"column":30}},"10":{"start":{"line":11,"column":0},"end":{"line":11,"column":2}},"11":{"start":{"line":12,"column":0},"end":{"line":12,"column":0}},"12":{"start":{"line":13,"column":0},"end":{"line":13,"column":44}},"13":{"start":{"line":14,"column":0},"end":{"line":14,"column":27}},"14":{"start":{"line":15,"column":0},"end":{"line":15,"column":15}},"15":{"start":{"line":16,"column":0},"end":{"line":16,"column":41}},"16":{"start":{"line":17,"column":0},"end":{"line":17,"column":20}},"17":{"start":{"line":18,"column":0},"end":{"line":18,"column":3}},"18":{"start":{"line":19,"column":0},"end":{"line":19,"column":2}},"19":{"start":{"line":20,"column":0},"end":{"line":20,"column":47}},"20":{"start":{"line":21,"column":0},"end":{"line":21,"column":30}},"21":{"start":{"line":22,"column":0},"end":{"line":22,"column":30}},"22":{"start":{"line":23,"column":0},"end":{"line":23,"column":64}},"23":{"start":{"line":24,"column":0},"end":{"line":24,"column":55}},"24":{"start":{"line":25,"column":0},"end":{"line":25,"column":3}},"25":{"start":{"line":26,"column":0},"end":{"line":26,"column":2}},"26":{"start":{"line":27,"column":0},"end":{"line":27,"column":0}},"27":{"start":{"line":28,"column":0},"end":{"line":28,"column":44}},"28":{"start":{"line":29,"column":0},"end":{"line":29,"column":21}},"29":{"start":{"line":30,"column":0},"end":{"line":30,"column":15}},"30":{"start":{"line":31,"column":0},"end":{"line":31,"column":15}},"31":{"start":{"line":32,"column":0},"end":{"line":32,"column":31}},"32":{"start":{"line":33,"column":0},"end":{"line":33,"column":11}},"33":{"start":{"line":34,"column":0},"end":{"line":34,"column":48}},"34":{"start":{"line":35,"column":0},"end":{"line":35,"column":31}},"35":{"start":{"line":36,"column":0},"end":{"line":36,"column":27}},"36":{"start":{"line":37,"column":0},"end":{"line":37,"column":8}},"37":{"start":{"line":38,"column":0},"end":{"line":38,"column":15}},"38":{"start":{"line":39,"column":0},"end":{"line":39,"column":30}},"39":{"start":{"line":40,"column":0},"end":{"line":40,"column":9}},"40":{"start":{"line":41,"column":0},"end":{"line":41,"column":16}},"41":{"start":{"line":42,"column":0},"end":{"line":42,"column":33}},"42":{"start":{"line":43,"column":0},"end":{"line":43,"column":29}},"43":{"start":{"line":44,"column":0},"end":{"line":44,"column":26}},"44":{"start":{"line":45,"column":0},"end":{"line":45,"column":31}},"45":{"start":{"line":46,"column":0},"end":{"line":46,"column":12}},"46":{"start":{"line":47,"column":0},"end":{"line":47,"column":14}},"47":{"start":{"line":48,"column":0},"end":{"line":48,"column":34}},"48":{"start":{"line":49,"column":0},"end":{"line":49,"column":54}},"49":{"start":{"line":50,"column":0},"end":{"line":50,"column":51}},"50":{"start":{"line":51,"column":0},"end":{"line":51,"column":61}},"51":{"start":{"line":52,"column":0},"end":{"line":52,"column":9}},"52":{"start":{"line":53,"column":0},"end":{"line":53,"column":7}},"53":{"start":{"line":54,"column":0},"end":{"line":54,"column":57}},"54":{"start":{"line":55,"column":0},"end":{"line":55,"column":32}},"55":{"start":{"line":56,"column":0},"end":{"line":56,"column":54}},"56":{"start":{"line":57,"column":0},"end":{"line":57,"column":8}},"57":{"start":{"line":58,"column":0},"end":{"line":58,"column":51}},"58":{"start":{"line":59,"column":0},"end":{"line":59,"column":31}},"59":{"start":{"line":60,"column":0},"end":{"line":60,"column":27}},"60":{"start":{"line":61,"column":0},"end":{"line":61,"column":8}},"61":{"start":{"line":62,"column":0},"end":{"line":62,"column":15}},"62":{"start":{"line":63,"column":0},"end":{"line":63,"column":33}},"63":{"start":{"line":64,"column":0},"end":{"line":64,"column":51}},"64":{"start":{"line":65,"column":0},"end":{"line":65,"column":34}},"65":{"start":{"line":66,"column":0},"end":{"line":66,"column":0}},"66":{"start":{"line":67,"column":0},"end":{"line":67,"column":57}},"67":{"start":{"line":68,"column":0},"end":{"line":68,"column":60}},"68":{"start":{"line":69,"column":0},"end":{"line":69,"column":55}},"69":{"start":{"line":70,"column":0},"end":{"line":70,"column":12}},"70":{"start":{"line":71,"column":0},"end":{"line":71,"column":0}},"71":{"start":{"line":72,"column":0},"end":{"line":72,"column":54}},"72":{"start":{"line":73,"column":0},"end":{"line":73,"column":38}},"73":{"start":{"line":74,"column":0},"end":{"line":74,"column":42}},"74":{"start":{"line":75,"column":0},"end":{"line":75,"column":62}},"75":{"start":{"line":76,"column":0},"end":{"line":76,"column":18}},"76":{"start":{"line":77,"column":0},"end":{"line":77,"column":46}},"77":{"start":{"line":78,"column":0},"end":{"line":78,"column":11}},"78":{"start":{"line":79,"column":0},"end":{"line":79,"column":9}},"79":{"start":{"line":80,"column":0},"end":{"line":80,"column":7}},"80":{"start":{"line":81,"column":0},"end":{"line":81,"column":60}},"81":{"start":{"line":82,"column":0},"end":{"line":82,"column":32}},"82":{"start":{"line":83,"column":0},"end":{"line":83,"column":54}},"83":{"start":{"line":84,"column":0},"end":{"line":84,"column":9}},"84":{"start":{"line":85,"column":0},"end":{"line":85,"column":3}},"85":{"start":{"line":86,"column":0},"end":{"line":86,"column":3}},"86":{"start":{"line":87,"column":0},"end":{"line":87,"column":0}},"87":{"start":{"line":88,"column":0},"end":{"line":88,"column":39}}},"s":{"0":1,"1":1,"2":1,"3":1,"4":1,"5":1,"6":1,"7":1,"8":1,"9":1,"10":1,"11":1,"12":1,"13":1,"14":1,"15":3,"16":3,"17":3,"18":1,"19":1,"20":1,"21":1,"22":5,"23":5,"24":5,"25":1,"26":1,"27":1,"28":1,"29":1,"30":1,"31":1,"32":2,"33":2,"34":3,"35":3,"36":2,"37":2,"38":2,"39":2,"40":2,"41":2,"42":2,"43":2,"44":2,"45":2,"46":2,"47":2,"48":2,"49":2,"50":2,"51":2,"52":2,"53":2,"54":1,"55":1,"56":2,"57":2,"58":5,"59":5,"60":2,"61":2,"62":2,"63":2,"64":3,"65":3,"66":3,"67":3,"68":3,"69":3,"70":3,"71":3,"72":3,"73":3,"74":2,"75":3,"76":1,"77":1,"78":3,"79":2,"80":2,"81":2,"82":2,"83":2,"84":2,"85":1,"86":1,"87":1},"branchMap":{"0":{"type":"branch","line":15,"loc":{"start":{"line":15,"column":2},"end":{"line":18,"column":3}},"locations":[{"start":{"line":15,"column":2},"end":{"line":18,"column":3}}]},"1":{"type":"branch","line":15,"loc":{"start":{"line":15,"column":2},"end":{"line":18,"column":3}},"locations":[{"start":{"line":15,"column":2},"end":{"line":18,"column":3}}]},"2":{"type":"branch","line":16,"loc":{"start":{"line":16,"column":21},"end":{"line":16,"column":41}},"locations":[{"start":{"line":16,"column":21},"end":{"line":16,"column":41}}]},"3":{"type":"branch","line":22,"loc":{"start":{"line":22,"column":2},"end":{"line":25,"column":3}},"locations":[{"start":{"line":22,"column":2},"end":{"line":25,"column":3}}]},"4":{"type":"branch","line":22,"loc":{"start":{"line":22,"column":24},"end":{"line":25,"column":3}},"locations":[{"start":{"line":22,"column":24},"end":{"line":25,"column":3}}]},"5":{"type":"branch","line":23,"loc":{"start":{"line":23,"column":21},"end":{"line":23,"column":64}},"locations":[{"start":{"line":23,"column":21},"end":{"line":23,"column":64}}]},"6":{"type":"branch","line":32,"loc":{"start":{"line":32,"column":17},"end":{"line":85,"column":3}},"locations":[{"start":{"line":32,"column":17},"end":{"line":85,"column":3}}]},"7":{"type":"branch","line":34,"loc":{"start":{"line":34,"column":36},"end":{"line":37,"column":7}},"locations":[{"start":{"line":34,"column":36},"end":{"line":37,"column":7}}]},"8":{"type":"branch","line":40,"loc":{"start":{"line":40,"column":8},"end":{"line":52,"column":9}},"locations":[{"start":{"line":40,"column":8},"end":{"line":52,"column":9}}]},"9":{"type":"branch","line":49,"loc":{"start":{"line":49,"column":39},"end":{"line":49,"column":41}},"locations":[{"start":{"line":49,"column":39},"end":{"line":49,"column":41}}]},"10":{"type":"branch","line":49,"loc":{"start":{"line":49,"column":39},"end":{"line":49,"column":47}},"locations":[{"start":{"line":49,"column":39},"end":{"line":49,"column":47}}]},"11":{"type":"branch","line":49,"loc":{"start":{"line":49,"column":47},"end":{"line":49,"column":53}},"locations":[{"start":{"line":49,"column":47},"end":{"line":49,"column":53}}]},"12":{"type":"branch","line":50,"loc":{"start":{"line":50,"column":38},"end":{"line":50,"column":40}},"locations":[{"start":{"line":50,"column":38},"end":{"line":50,"column":40}}]},"13":{"type":"branch","line":50,"loc":{"start":{"line":50,"column":38},"end":{"line":50,"column":45}},"locations":[{"start":{"line":50,"column":38},"end":{"line":50,"column":45}}]},"14":{"type":"branch","line":50,"loc":{"start":{"line":50,"column":45},"end":{"line":50,"column":50}},"locations":[{"start":{"line":50,"column":45},"end":{"line":50,"column":50}}]},"15":{"type":"branch","line":51,"loc":{"start":{"line":51,"column":43},"end":{"line":51,"column":45}},"locations":[{"start":{"line":51,"column":43},"end":{"line":51,"column":45}}]},"16":{"type":"branch","line":51,"loc":{"start":{"line":51,"column":43},"end":{"line":51,"column":55}},"locations":[{"start":{"line":51,"column":43},"end":{"line":51,"column":55}}]},"17":{"type":"branch","line":51,"loc":{"start":{"line":51,"column":55},"end":{"line":51,"column":60}},"locations":[{"start":{"line":51,"column":55},"end":{"line":51,"column":60}}]},"18":{"type":"branch","line":54,"loc":{"start":{"line":54,"column":37},"end":{"line":57,"column":7}},"locations":[{"start":{"line":54,"column":37},"end":{"line":57,"column":7}}]},"19":{"type":"branch","line":56,"loc":{"start":{"line":56,"column":42},"end":{"line":56,"column":53}},"locations":[{"start":{"line":56,"column":42},"end":{"line":56,"column":53}}]},"20":{"type":"branch","line":58,"loc":{"start":{"line":58,"column":39},"end":{"line":61,"column":7}},"locations":[{"start":{"line":58,"column":39},"end":{"line":61,"column":7}}]},"21":{"type":"branch","line":64,"loc":{"start":{"line":64,"column":8},"end":{"line":79,"column":9}},"locations":[{"start":{"line":64,"column":8},"end":{"line":79,"column":9}}]},"22":{"type":"branch","line":74,"loc":{"start":{"line":74,"column":41},"end":{"line":76,"column":11}},"locations":[{"start":{"line":74,"column":41},"end":{"line":76,"column":11}}]},"23":{"type":"branch","line":76,"loc":{"start":{"line":76,"column":11},"end":{"line":78,"column":11}},"locations":[{"start":{"line":76,"column":11},"end":{"line":78,"column":11}}]},"24":{"type":"branch","line":69,"loc":{"start":{"line":69,"column":12},"end":{"line":69,"column":28}},"locations":[{"start":{"line":69,"column":12},"end":{"line":69,"column":28}}]},"25":{"type":"branch","line":81,"loc":{"start":{"line":81,"column":40},"end":{"line":84,"column":7}},"locations":[{"start":{"line":81,"column":40},"end":{"line":84,"column":7}}]},"26":{"type":"branch","line":83,"loc":{"start":{"line":83,"column":42},"end":{"line":83,"column":53}},"locations":[{"start":{"line":83,"column":42},"end":{"line":83,"column":53}}]}},"b":{"0":[3],"1":[3],"2":[3],"3":[5],"4":[5],"5":[5],"6":[2],"7":[3],"8":[2],"9":[1],"10":[1],"11":[1],"12":[1],"13":[1],"14":[1],"15":[1],"16":[1],"17":[1],"18":[1],"19":[0],"20":[5],"21":[3],"22":[2],"23":[1],"24":[2],"25":[2],"26":[0]},"fnMap":{"0":{"name":"extraReducers","decl":{"start":{"line":32,"column":17},"end":{"line":85,"column":3}},"loc":{"start":{"line":32,"column":17},"end":{"line":85,"column":3}},"line":32}},"f":{"0":2}}
,"C:\\Users\\User\\Desktop\\Andrey\\Dev\\Practicum\\stellar-burgers\\src\\slices\\root\\rootReducer.ts": {"path":"C:\\Users\\User\\Desktop\\Andrey\\Dev\\Practicum\\stellar-burgers\\src\\slices\\root\\rootReducer.ts","all":false,"statementMap":{"0":{"start":{"line":1,"column":0},"end":{"line":1,"column":51}},"1":{"start":{"line":2,"column":0},"end":{"line":2,"column":65}},"2":{"start":{"line":3,"column":0},"end":{"line":3,"column":77}},"3":{"start":{"line":4,"column":0},"end":{"line":4,"column":45}},"4":{"start":{"line":5,"column":0},"end":{"line":5,"column":60}},"5":{"start":{"line":6,"column":0},"end":{"line":6,"column":60}},"6":{"start":{"line":7,"column":0},"end":{"line":7,"column":42}},"7":{"start":{"line":8,"column":0},"end":{"line":8,"column":0}},"8":{"start":{"line":9,"column":0},"end":{"line":9,"column":37}},"9":{"start":{"line":10,"column":0},"end":{"line":10,"column":34}},"10":{"start":{"line":11,"column":0},"end":{"line":11,"column":42}},"11":{"start":{"line":12,"column":0},"end":{"line":12,"column":30}},"12":{"start":{"line":13,"column":0},"end":{"line":13,"column":20}},"13":{"start":{"line":14,"column":0},"end":{"line":14,"column":30}},"14":{"start":{"line":15,"column":0},"end":{"line":15,"column":17}},"15":{"start":{"line":16,"column":0},"end":{"line":16,"column":3}},"16":{"start":{"line":17,"column":0},"end":{"line":17,"column":0}},"17":{"start":{"line":18,"column":0},"end":{"line":18,"column":27}}},"s":{"0":1,"1":1,"2":1,"3":1,"4":1,"5":1,"6":1,"7":1,"8":1,"9":1,"10":1,"11":1,"12":1,"13":1,"14":1,"15":1,"16":1,"17":1},"branchMap":{},"b":{},"fnMap":{},"f":{}}
,"C:\\Users\\User\\Desktop\\Andrey\\Dev\\Practicum\\stellar-burgers\\src\\slices\\userOrders\\userOrdersSlice.ts": {"path":"C:\\Users\\User\\Desktop\\Andrey\\Dev\\Practicum\\stellar-burgers\\src\\slices\\userOrders\\userOrdersSlice.ts","all":false,"statementMap":{"0":{"start":{"line":1,"column":0},"end":{"line":1,"column":54}},"1":{"start":{"line":2,"column":0},"end":{"line":2,"column":80}},"2":{"start":{"line":3,"column":0},"end":{"line":3,"column":38}},"3":{"start":{"line":4,"column":0},"end":{"line":4,"column":0}},"4":{"start":{"line":5,"column":0},"end":{"line":5,"column":35}},"5":{"start":{"line":6,"column":0},"end":{"line":6,"column":19}},"6":{"start":{"line":7,"column":0},"end":{"line":7,"column":21}},"7":{"start":{"line":8,"column":0},"end":{"line":8,"column":23}},"8":{"start":{"line":9,"column":0},"end":{"line":9,"column":1}},"9":{"start":{"line":10,"column":0},"end":{"line":10,"column":0}},"10":{"start":{"line":11,"column":0},"end":{"line":11,"column":40}},"11":{"start":{"line":12,"column":0},"end":{"line":12,"column":13}},"12":{"start":{"line":13,"column":0},"end":{"line":13,"column":18}},"13":{"start":{"line":14,"column":0},"end":{"line":14,"column":13}},"14":{"start":{"line":15,"column":0},"end":{"line":15,"column":2}},"15":{"start":{"line":16,"column":0},"end":{"line":16,"column":0}},"16":{"start":{"line":17,"column":0},"end":{"line":17,"column":48}},"17":{"start":{"line":18,"column":0},"end":{"line":18,"column":31}},"18":{"start":{"line":19,"column":0},"end":{"line":19,"column":15}},"19":{"start":{"line":20,"column":0},"end":{"line":20,"column":40}},"20":{"start":{"line":21,"column":0},"end":{"line":21,"column":18}},"21":{"start":{"line":22,"column":0},"end":{"line":22,"column":3}},"22":{"start":{"line":23,"column":0},"end":{"line":23,"column":2}},"23":{"start":{"line":24,"column":0},"end":{"line":24,"column":0}},"24":{"start":{"line":25,"column":0},"end":{"line":25,"column":44}},"25":{"start":{"line":26,"column":0},"end":{"line":26,"column":21}},"26":{"start":{"line":27,"column":0},"end":{"line":27,"column":15}},"27":{"start":{"line":28,"column":0},"end":{"line":28,"column":15}},"28":{"start":{"line":29,"column":0},"end":{"line":29,"column":31}},"29":{"start":{"line":30,"column":0},"end":{"line":30,"column":11}},"30":{"start":{"line":31,"column":0},"end":{"line":31,"column":52}},"31":{"start":{"line":32,"column":0},"end":{"line":32,"column":31}},"32":{"start":{"line":33,"column":0},"end":{"line":33,"column":27}},"33":{"start":{"line":34,"column":0},"end":{"line":34,"column":8}},"34":{"start":{"line":35,"column":0},"end":{"line":35,"column":15}},"35":{"start":{"line":36,"column":0},"end":{"line":36,"column":34}},"36":{"start":{"line":37,"column":0},"end":{"line":37,"column":53}},"37":{"start":{"line":38,"column":0},"end":{"line":38,"column":34}},"38":{"start":{"line":39,"column":0},"end":{"line":39,"column":40}},"39":{"start":{"line":40,"column":0},"end":{"line":40,"column":9}},"40":{"start":{"line":41,"column":0},"end":{"line":41,"column":7}},"41":{"start":{"line":42,"column":0},"end":{"line":42,"column":61}},"42":{"start":{"line":43,"column":0},"end":{"line":43,"column":32}},"43":{"start":{"line":44,"column":0},"end":{"line":44,"column":54}},"44":{"start":{"line":45,"column":0},"end":{"line":45,"column":9}},"45":{"start":{"line":46,"column":0},"end":{"line":46,"column":3}},"46":{"start":{"line":47,"column":0},"end":{"line":47,"column":3}},"47":{"start":{"line":48,"column":0},"end":{"line":48,"column":0}},"48":{"start":{"line":49,"column":0},"end":{"line":49,"column":39}}},"s":{"0":1,"1":1,"2":1,"3":1,"4":1,"5":1,"6":1,"7":1,"8":1,"9":1,"10":1,"11":1,"12":1,"13":1,"14":1,"15":1,"16":1,"17":1,"18":1,"19":3,"20":3,"21":3,"22":1,"23":1,"24":1,"25":1,"26":1,"27":1,"28":1,"29":2,"30":2,"31":3,"32":3,"33":2,"34":2,"35":2,"36":2,"37":2,"38":2,"39":2,"40":2,"41":2,"42":1,"43":1,"44":2,"45":2,"46":1,"47":1,"48":1},"branchMap":{"0":{"type":"branch","line":19,"loc":{"start":{"line":19,"column":2},"end":{"line":22,"column":3}},"locations":[{"start":{"line":19,"column":2},"end":{"line":22,"column":3}}]},"1":{"type":"branch","line":19,"loc":{"start":{"line":19,"column":2},"end":{"line":22,"column":3}},"locations":[{"start":{"line":19,"column":2},"end":{"line":22,"column":3}}]},"2":{"type":"branch","line":20,"loc":{"start":{"line":20,"column":19},"end":{"line":20,"column":40}},"locations":[{"start":{"line":20,"column":19},"end":{"line":20,"column":40}}]},"3":{"type":"branch","line":29,"loc":{"start":{"line":29,"column":17},"end":{"line":46,"column":3}},"locations":[{"start":{"line":29,"column":17},"end":{"line":46,"column":3}}]},"4":{"type":"branch","line":31,"loc":{"start":{"line":31,"column":40},"end":{"line":34,"column":7}},"locations":[{"start":{"line":31,"column":40},"end":{"line":34,"column":7}}]},"5":{"type":"branch","line":37,"loc":{"start":{"line":37,"column":8},"end":{"line":40,"column":9}},"locations":[{"start":{"line":37,"column":8},"end":{"line":40,"column":9}}]},"6":{"type":"branch","line":42,"loc":{"start":{"line":42,"column":41},"end":{"line":45,"column":7}},"locations":[{"start":{"line":42,"column":41},"end":{"line":45,"column":7}}]},"7":{"type":"branch","line":44,"loc":{"start":{"line":44,"column":42},"end":{"line":44,"column":53}},"locations":[{"start":{"line":44,"column":42},"end":{"line":44,"column":53}}]}},"b":{"0":[3],"1":[3],"2":[3],"3":[2],"4":[3],"5":[2],"6":[1],"7":[0]},"fnMap":{"0":{"name":"extraReducers","decl":{"start":{"line":29,"column":17},"end":{"line":46,"column":3}},"loc":{"start":{"line":29,"column":17},"end":{"line":46,"column":3}},"line":29}},"f":{"0":2}}
}
