TN:
SF:src\slices\auth\authSlice.ts
FN:52,setUser
FN:58,setTokens
FN:68,logout
FN:74,startLoading
FN:77,stopLoading
FN:81,extraReducers
FNF:6
FNH:6
FNDA:2,setUser
FNDA:2,setTokens
FNDA:1,logout
FNDA:1,startLoading
FNDA:1,stopLoading
FNDA:2,extraReducers
DA:1,1
DA:2,1
DA:3,1
DA:4,1
DA:5,1
DA:6,1
DA:7,1
DA:8,1
DA:9,1
DA:10,1
DA:11,1
DA:12,1
DA:13,1
DA:14,1
DA:15,1
DA:16,1
DA:17,1
DA:18,1
DA:19,1
DA:20,1
DA:21,1
DA:22,1
DA:23,1
DA:24,1
DA:25,1
DA:26,1
DA:27,1
DA:28,1
DA:29,1
DA:30,1
DA:31,3
DA:32,3
DA:33,3
DA:34,1
DA:35,1
DA:36,1
DA:37,1
DA:38,3
DA:39,3
DA:40,1
DA:41,1
DA:42,1
DA:43,3
DA:44,3
DA:45,1
DA:46,1
DA:47,1
DA:48,1
DA:49,1
DA:50,1
DA:51,1
DA:52,1
DA:53,2
DA:54,2
DA:55,2
DA:56,1
DA:57,1
DA:58,1
DA:59,2
DA:60,2
DA:61,2
DA:62,2
DA:63,2
DA:64,2
DA:65,2
DA:66,1
DA:67,1
DA:68,1
DA:69,1
DA:70,1
DA:71,1
DA:72,1
DA:73,1
DA:74,1
DA:75,1
DA:76,1
DA:77,1
DA:78,1
DA:79,1
DA:80,1
DA:81,1
DA:82,2
DA:83,2
DA:84,3
DA:85,3
DA:86,2
DA:87,2
DA:88,2
DA:89,2
DA:90,2
DA:91,2
DA:92,2
DA:93,2
DA:94,2
DA:95,1
DA:96,1
DA:97,2
DA:98,2
DA:99,2
DA:100,3
DA:101,3
DA:102,2
DA:103,2
DA:104,2
DA:105,2
DA:106,2
DA:107,2
DA:108,2
DA:109,2
DA:110,2
DA:111,2
DA:112,1
DA:113,1
DA:114,2
DA:115,2
DA:116,2
DA:117,2
DA:118,3
DA:119,3
DA:120,2
DA:121,2
DA:122,2
DA:123,2
DA:124,2
DA:125,2
DA:126,2
DA:127,2
DA:128,2
DA:129,2
DA:130,1
DA:131,1
DA:132,1
DA:133,2
DA:134,2
DA:135,1
DA:136,1
DA:137,1
DA:138,1
DA:139,1
LF:139
LH:139
BRDA:30,0,0,3
BRDA:30,1,0,3
BRDA:31,2,0,3
BRDA:37,3,0,3
BRDA:37,4,0,3
BRDA:38,5,0,3
BRDA:42,6,0,3
BRDA:42,7,0,3
BRDA:43,8,0,3
BRDA:52,9,0,2
BRDA:58,10,0,2
BRDA:68,11,0,1
BRDA:74,12,0,1
BRDA:77,13,0,1
BRDA:81,14,0,2
BRDA:83,15,0,3
BRDA:88,16,0,2
BRDA:89,17,0,1
BRDA:89,18,0,1
BRDA:94,19,0,1
BRDA:96,20,0,0
BRDA:99,21,0,3
BRDA:104,22,0,2
BRDA:105,23,0,1
BRDA:105,24,0,1
BRDA:106,25,0,1
BRDA:106,26,0,1
BRDA:111,27,0,1
BRDA:113,28,0,0
BRDA:117,29,0,3
BRDA:123,30,0,2
BRDA:124,31,0,1
BRDA:124,32,0,1
BRDA:129,33,0,1
BRDA:132,34,0,0
BRF:35
BRH:32
end_of_record
TN:
SF:src\slices\constructorItem\constructorItemsSlice.ts
FN:25,addIngredient
FN:31,removeIngredient
FN:35,setBun
FN:39,moveDown
FN:48,moveUp
FN:57,setOrderRequest
FN:61,setOrderModalData
FN:65,setPrice
FN:69,clearConstructor
FNF:9
FNH:9
FNDA:3,addIngredient
FNDA:1,removeIngredient
FNDA:1,setBun
FNDA:1,moveDown
FNDA:1,moveUp
FNDA:1,setOrderRequest
FNDA:1,setOrderModalData
FNDA:1,setPrice
FNDA:1,clearConstructor
DA:1,1
DA:2,1
DA:3,1
DA:4,1
DA:5,1
DA:6,1
DA:7,1
DA:8,1
DA:9,1
DA:10,1
DA:11,1
DA:12,1
DA:13,1
DA:14,1
DA:15,1
DA:16,1
DA:17,1
DA:18,1
DA:19,1
DA:20,1
DA:21,1
DA:22,1
DA:23,1
DA:24,1
DA:25,1
DA:26,3
DA:27,3
DA:28,3
DA:29,1
DA:30,1
DA:31,1
DA:32,1
DA:33,1
DA:34,1
DA:35,1
DA:36,1
DA:37,1
DA:38,1
DA:39,1
DA:40,1
DA:41,1
DA:42,1
DA:43,1
DA:44,1
DA:45,1
DA:46,1
DA:47,1
DA:48,1
DA:49,1
DA:50,1
DA:51,1
DA:52,1
DA:53,1
DA:54,1
DA:55,1
DA:56,1
DA:57,1
DA:58,1
DA:59,1
DA:60,1
DA:61,1
DA:62,1
DA:63,1
DA:64,1
DA:65,1
DA:66,1
DA:67,1
DA:68,1
DA:69,1
DA:70,1
DA:71,1
DA:72,1
DA:73,1
DA:74,1
DA:75,1
DA:76,1
DA:77,1
DA:78,1
DA:79,1
DA:80,1
DA:81,1
DA:82,1
DA:83,1
DA:84,1
DA:85,1
DA:86,1
DA:87,1
LF:87
LH:87
BRDA:25,0,0,3
BRDA:31,1,0,1
BRDA:35,2,0,1
BRDA:39,3,0,1
BRDA:48,4,0,1
BRDA:57,5,0,1
BRDA:61,6,0,1
BRDA:65,7,0,1
BRDA:69,8,0,1
BRF:9
BRH:9
end_of_record
TN:
SF:src\slices\ingredients\ingredientsSlice.ts
FN:29,extraReducers
FNF:1
FNH:1
FNDA:2,extraReducers
DA:1,1
DA:2,1
DA:3,1
DA:4,1
DA:5,1
DA:6,1
DA:7,1
DA:8,1
DA:9,1
DA:10,1
DA:11,1
DA:12,1
DA:13,1
DA:14,1
DA:15,1
DA:16,1
DA:17,1
DA:18,1
DA:19,1
DA:20,0
DA:21,0
DA:22,0
DA:23,1
DA:24,1
DA:25,1
DA:26,1
DA:27,1
DA:28,1
DA:29,1
DA:30,2
DA:31,2
DA:32,1
DA:33,1
DA:34,2
DA:35,2
DA:36,2
DA:37,1
DA:38,1
DA:39,1
DA:40,2
DA:41,2
DA:42,2
DA:43,1
DA:44,1
DA:45,2
DA:46,2
DA:47,1
DA:48,1
DA:49,1
LF:49
LH:46
BRDA:29,0,0,2
BRDA:31,1,0,1
BRDA:36,2,0,1
BRDA:42,3,0,1
BRDA:44,4,0,0
BRF:5
BRH:4
end_of_record
TN:
SF:src\slices\order\orderSlice.ts
FN:27,clearOrder
FN:33,extraReducers
FNF:2
FNH:2
FNDA:1,clearOrder
FNDA:2,extraReducers
DA:1,1
DA:2,1
DA:3,1
DA:4,1
DA:5,1
DA:6,1
DA:7,1
DA:8,1
DA:9,1
DA:10,1
DA:11,1
DA:12,1
DA:13,1
DA:14,1
DA:15,1
DA:16,3
DA:17,3
DA:18,3
DA:19,1
DA:20,1
DA:21,1
DA:22,1
DA:23,1
DA:24,1
DA:25,1
DA:26,1
DA:27,1
DA:28,1
DA:29,1
DA:30,1
DA:31,1
DA:32,1
DA:33,1
DA:34,2
DA:35,2
DA:36,2
DA:37,3
DA:38,3
DA:39,2
DA:40,2
DA:41,2
DA:42,2
DA:43,1
DA:44,1
DA:45,2
DA:46,2
DA:47,2
DA:48,2
DA:49,2
DA:50,2
DA:51,2
DA:52,1
DA:53,1
DA:54,1
DA:55,1
DA:56,1
LF:56
LH:56
BRDA:15,0,0,3
BRDA:15,1,0,3
BRDA:16,2,0,3
BRDA:27,3,0,1
BRDA:33,4,0,2
BRDA:36,5,0,3
BRDA:42,6,0,1
BRDA:47,7,0,2
BRDA:49,8,0,0
BRF:9
BRH:8
end_of_record
TN:
SF:src\slices\ordersData\ordersDataSlice.ts
FN:32,extraReducers
FNF:1
FNH:1
FNDA:2,extraReducers
DA:1,1
DA:2,1
DA:3,1
DA:4,1
DA:5,1
DA:6,1
DA:7,1
DA:8,1
DA:9,1
DA:10,1
DA:11,1
DA:12,1
DA:13,1
DA:14,1
DA:15,1
DA:16,3
DA:17,3
DA:18,3
DA:19,1
DA:20,1
DA:21,1
DA:22,1
DA:23,5
DA:24,5
DA:25,5
DA:26,1
DA:27,1
DA:28,1
DA:29,1
DA:30,1
DA:31,1
DA:32,1
DA:33,2
DA:34,2
DA:35,3
DA:36,3
DA:37,2
DA:38,2
DA:39,2
DA:40,2
DA:41,2
DA:42,2
DA:43,2
DA:44,2
DA:45,2
DA:46,2
DA:47,2
DA:48,2
DA:49,2
DA:50,2
DA:51,2
DA:52,2
DA:53,2
DA:54,2
DA:55,1
DA:56,1
DA:57,2
DA:58,2
DA:59,5
DA:60,5
DA:61,2
DA:62,2
DA:63,2
DA:64,2
DA:65,3
DA:66,3
DA:67,3
DA:68,3
DA:69,3
DA:70,3
DA:71,3
DA:72,3
DA:73,3
DA:74,3
DA:75,2
DA:76,3
DA:77,1
DA:78,1
DA:79,3
DA:80,2
DA:81,2
DA:82,2
DA:83,2
DA:84,2
DA:85,2
DA:86,1
DA:87,1
DA:88,1
LF:88
LH:88
BRDA:15,0,0,3
BRDA:15,1,0,3
BRDA:16,2,0,3
BRDA:22,3,0,5
BRDA:22,4,0,5
BRDA:23,5,0,5
BRDA:32,6,0,2
BRDA:34,7,0,3
BRDA:40,8,0,2
BRDA:49,9,0,1
BRDA:49,10,0,1
BRDA:49,11,0,1
BRDA:50,12,0,1
BRDA:50,13,0,1
BRDA:50,14,0,1
BRDA:51,15,0,1
BRDA:51,16,0,1
BRDA:51,17,0,1
BRDA:54,18,0,1
BRDA:56,19,0,0
BRDA:58,20,0,5
BRDA:64,21,0,3
BRDA:74,22,0,2
BRDA:76,23,0,1
BRDA:69,24,0,2
BRDA:81,25,0,2
BRDA:83,26,0,0
BRF:27
BRH:25
end_of_record
TN:
SF:src\slices\root\rootReducer.ts
FNF:0
FNH:0
DA:1,1
DA:2,1
DA:3,1
DA:4,1
DA:5,1
DA:6,1
DA:7,1
DA:8,1
DA:9,1
DA:10,1
DA:11,1
DA:12,1
DA:13,1
DA:14,1
DA:15,1
DA:16,1
DA:17,1
DA:18,1
LF:18
LH:18
BRF:0
BRH:0
end_of_record
TN:
SF:src\slices\userOrders\userOrdersSlice.ts
FN:29,extraReducers
FNF:1
FNH:1
FNDA:2,extraReducers
DA:1,1
DA:2,1
DA:3,1
DA:4,1
DA:5,1
DA:6,1
DA:7,1
DA:8,1
DA:9,1
DA:10,1
DA:11,1
DA:12,1
DA:13,1
DA:14,1
DA:15,1
DA:16,1
DA:17,1
DA:18,1
DA:19,1
DA:20,3
DA:21,3
DA:22,3
DA:23,1
DA:24,1
DA:25,1
DA:26,1
DA:27,1
DA:28,1
DA:29,1
DA:30,2
DA:31,2
DA:32,3
DA:33,3
DA:34,2
DA:35,2
DA:36,2
DA:37,2
DA:38,2
DA:39,2
DA:40,2
DA:41,2
DA:42,2
DA:43,1
DA:44,1
DA:45,2
DA:46,2
DA:47,1
DA:48,1
DA:49,1
LF:49
LH:49
BRDA:19,0,0,3
BRDA:19,1,0,3
BRDA:20,2,0,3
BRDA:29,3,0,2
BRDA:31,4,0,3
BRDA:37,5,0,2
BRDA:42,6,0,1
BRDA:44,7,0,0
BRF:8
BRH:7
end_of_record
